TN:
SF:src/config.ts
FN:17,generateHnid
FNF:1
FNH:1
FNDA:1,generateHnid
DA:18,1
DA:22,1
DA:23,1
DA:24,1
DA:25,1
DA:28,1
LF:6
LH:6
BRDA:23,0,0,1
BRDA:23,0,1,0
BRF:2
BRH:1
end_of_record
TN:
SF:src/modules/data.ts
FN:12,cancelPendingRequests
FN:34,init
FN:38,resetCache
FN:42,timeAgo
FN:57,extractDomain
FN:65,transformItem
FN:83,transformComment
FN:93,fetchJson
FN:101,fetchItem
FN:105,fetchItems
FN:109,(anonymous_10)
FN:115,fetchCommentTree
FN:133,mergeVisitedState
FN:134,(anonymous_13)
FN:150,readLocalData
FN:184,saveVisitedDelayed
FN:189,saveVisitedData
FN:197,getVisitedItem
FN:210,addVisited
FN:216,fetchStoryIds
FN:223,getArticles
FN:254,loadMore
FN:274,getArticlesByType
FN:308,getArticleMeta
FN:330,getArticleComments
FN:360,(anonymous_25)
FN:395,getLocalData
FNF:27
FNH:26
FNDA:25,cancelPendingRequests
FNDA:1,init
FNDA:18,resetCache
FNDA:60,timeAgo
FNDA:7,extractDomain
FNDA:58,transformItem
FNDA:4,transformComment
FNDA:87,fetchJson
FNDA:67,fetchItem
FNDA:24,fetchItems
FNDA:60,(anonymous_10)
FNDA:5,fetchCommentTree
FNDA:19,mergeVisitedState
FNDA:53,(anonymous_13)
FNDA:1,readLocalData
FNDA:0,saveVisitedDelayed
FNDA:9,saveVisitedData
FNDA:9,getVisitedItem
FNDA:6,addVisited
FNDA:20,fetchStoryIds
FNDA:20,getArticles
FNDA:2,loadMore
FNDA:3,getArticlesByType
FNDA:3,getArticleMeta
FNDA:6,getArticleComments
FNDA:8,(anonymous_25)
FNDA:2,getLocalData
DA:8,1
DA:10,1
DA:13,25
DA:14,24
DA:15,24
DA:19,1
DA:27,1
DA:28,1
DA:29,1
DA:30,1
DA:31,1
DA:32,1
DA:35,1
DA:39,18
DA:43,60
DA:44,60
DA:45,13
DA:46,13
DA:47,11
DA:48,11
DA:49,0
DA:50,0
DA:51,0
DA:52,0
DA:53,0
DA:54,0
DA:58,7
DA:59,7
DA:61,0
DA:66,58
DA:67,58
DA:84,4
DA:94,87
DA:95,84
DA:96,1
DA:98,83
DA:102,67
DA:106,24
DA:107,24
DA:108,29
DA:109,60
DA:110,29
DA:112,29
DA:116,5
DA:118,5
DA:119,5
DA:121,5
DA:122,6
DA:123,4
DA:124,4
DA:125,1
DA:127,4
DA:130,5
DA:134,19
DA:135,53
DA:136,53
DA:137,53
DA:138,53
DA:139,53
DA:140,0
DA:141,0
DA:143,53
DA:144,1
DA:146,53
DA:151,1
DA:152,1
DA:153,1
DA:155,1
DA:157,1
DA:158,0
DA:161,0
DA:162,0
DA:163,0
DA:164,0
DA:165,0
DA:166,0
DA:167,0
DA:168,0
DA:169,0
DA:173,0
DA:176,1
DA:177,0
DA:178,0
DA:179,0
DA:185,0
DA:186,0
DA:190,9
DA:191,8
DA:192,8
DA:194,9
DA:198,9
DA:199,9
DA:201,9
DA:202,9
DA:203,9
DA:204,9
DA:207,0
DA:211,6
DA:212,6
DA:213,6
DA:217,20
DA:218,20
DA:219,18
DA:220,18
DA:224,20
DA:225,2
DA:226,2
DA:229,18
DA:230,18
DA:231,18
DA:232,18
DA:234,18
DA:235,18
DA:236,16
DA:237,16
DA:239,16
DA:240,16
DA:241,16
DA:243,16
DA:244,16
DA:246,16
DA:248,2
DA:249,2
DA:250,2
DA:255,2
DA:257,1
DA:258,1
DA:259,1
DA:260,1
DA:261,1
DA:263,1
DA:264,1
DA:267,1
DA:269,0
DA:270,0
DA:279,3
DA:280,3
DA:281,1
DA:282,1
DA:285,2
DA:286,2
DA:287,2
DA:288,2
DA:290,2
DA:291,2
DA:292,2
DA:294,2
DA:295,2
DA:296,2
DA:298,2
DA:300,2
DA:302,0
DA:303,0
DA:304,0
DA:309,3
DA:310,3
DA:311,1
DA:312,1
DA:315,2
DA:316,2
DA:317,2
DA:318,1
DA:320,1
DA:321,1
DA:323,1
DA:325,1
DA:326,1
DA:335,6
DA:337,6
DA:338,6
DA:340,1
DA:341,1
DA:344,5
DA:345,5
DA:346,5
DA:347,5
DA:348,5
DA:350,5
DA:351,4
DA:353,4
DA:354,4
DA:355,4
DA:357,4
DA:360,4
DA:362,8
DA:363,4
DA:364,4
DA:365,4
DA:366,4
DA:369,8
DA:372,4
DA:373,4
DA:374,4
DA:375,3
DA:376,3
DA:377,3
DA:382,4
DA:383,4
DA:384,3
DA:387,4
DA:389,1
DA:390,1
DA:391,1
DA:396,2
DA:400,1
DA:402,1
LF:206
LH:175
BRDA:13,0,0,24
BRDA:13,0,1,1
BRDA:44,1,0,47
BRDA:44,1,1,13
BRDA:46,2,0,2
BRDA:46,2,1,11
BRDA:46,3,0,2
BRDA:46,3,1,0
BRDA:48,4,0,11
BRDA:48,4,1,0
BRDA:48,5,0,5
BRDA:48,5,1,6
BRDA:50,6,0,0
BRDA:50,6,1,0
BRDA:50,7,0,0
BRDA:50,7,1,0
BRDA:52,8,0,0
BRDA:52,8,1,0
BRDA:52,9,0,0
BRDA:52,9,1,0
BRDA:54,10,0,0
BRDA:54,10,1,0
BRDA:66,11,0,7
BRDA:66,11,1,51
BRDA:69,12,0,58
BRDA:69,12,1,3
BRDA:70,13,0,58
BRDA:70,13,1,3
BRDA:71,14,0,58
BRDA:71,14,1,2
BRDA:72,15,0,56
BRDA:72,15,1,2
BRDA:76,16,0,58
BRDA:76,16,1,47
BRDA:86,17,0,4
BRDA:86,17,1,0
BRDA:87,18,0,4
BRDA:87,18,1,0
BRDA:88,19,0,4
BRDA:88,19,1,0
BRDA:95,20,0,1
BRDA:95,20,1,83
BRDA:115,21,0,5
BRDA:116,22,0,0
BRDA:116,22,1,5
BRDA:116,23,0,5
BRDA:116,23,1,5
BRDA:116,23,2,5
BRDA:122,24,0,2
BRDA:122,24,1,4
BRDA:122,25,0,6
BRDA:122,25,1,6
BRDA:122,25,2,5
BRDA:124,26,0,1
BRDA:124,26,1,3
BRDA:124,27,0,4
BRDA:124,27,1,1
BRDA:139,28,0,0
BRDA:139,28,1,53
BRDA:139,29,0,53
BRDA:139,29,1,1
BRDA:139,29,2,1
BRDA:140,30,0,0
BRDA:140,30,1,0
BRDA:141,31,0,0
BRDA:141,31,1,0
BRDA:143,32,0,1
BRDA:143,32,1,52
BRDA:157,33,0,0
BRDA:157,33,1,1
BRDA:164,34,0,0
BRDA:164,34,1,0
BRDA:166,35,0,0
BRDA:166,35,1,0
BRDA:166,36,0,0
BRDA:166,36,1,0
BRDA:166,36,2,0
BRDA:167,37,0,0
BRDA:167,37,1,0
BRDA:167,38,0,0
BRDA:167,38,1,0
BRDA:168,39,0,0
BRDA:168,39,1,0
BRDA:168,40,0,0
BRDA:168,40,1,0
BRDA:169,41,0,0
BRDA:169,41,1,0
BRDA:169,42,0,0
BRDA:169,42,1,0
BRDA:176,43,0,0
BRDA:176,43,1,1
BRDA:177,44,0,0
BRDA:177,44,1,0
BRDA:190,45,0,8
BRDA:190,45,1,1
BRDA:201,46,0,9
BRDA:201,46,1,0
BRDA:201,47,0,9
BRDA:201,47,1,5
BRDA:201,47,2,5
BRDA:223,48,0,20
BRDA:224,49,0,2
BRDA:224,49,1,18
BRDA:224,50,0,20
BRDA:224,50,1,2
BRDA:225,51,0,2
BRDA:225,51,1,0
BRDA:246,52,0,16
BRDA:246,52,1,0
BRDA:248,53,0,0
BRDA:248,53,1,2
BRDA:255,54,0,1
BRDA:255,54,1,1
BRDA:263,55,0,1
BRDA:263,55,1,0
BRDA:267,56,0,1
BRDA:267,56,1,0
BRDA:267,57,0,1
BRDA:267,57,1,1
BRDA:277,58,0,3
BRDA:280,59,0,1
BRDA:280,59,1,2
BRDA:300,60,0,2
BRDA:300,60,1,0
BRDA:302,61,0,0
BRDA:302,61,1,0
BRDA:310,62,0,1
BRDA:310,62,1,2
BRDA:310,63,0,3
BRDA:310,63,1,1
BRDA:323,64,0,1
BRDA:323,64,1,0
BRDA:333,65,0,6
BRDA:338,66,0,1
BRDA:338,66,1,5
BRDA:338,67,0,6
BRDA:338,67,1,1
BRDA:338,67,2,1
BRDA:338,67,3,1
BRDA:340,68,0,1
BRDA:340,68,1,0
BRDA:354,69,0,4
BRDA:354,69,1,0
BRDA:363,70,0,4
BRDA:363,70,1,0
BRDA:363,71,0,4
BRDA:363,71,1,0
BRDA:364,72,0,4
BRDA:364,72,1,0
BRDA:366,73,0,1
BRDA:366,73,1,3
BRDA:366,74,0,4
BRDA:366,74,1,1
BRDA:366,74,2,1
BRDA:372,75,0,4
BRDA:372,75,1,0
BRDA:374,76,0,3
BRDA:374,76,1,1
BRDA:383,77,0,3
BRDA:383,77,1,1
BRDA:383,78,0,4
BRDA:383,78,1,4
BRDA:383,78,2,4
BRDA:387,79,0,4
BRDA:387,79,1,0
BRDA:389,80,0,0
BRDA:389,80,1,1
BRF:167
BRH:105
end_of_record
TN:
SF:src/modules/performance.ts
FN:11,update
FN:27,data
FNF:2
FNH:2
FNDA:8,update
FNDA:12,data
DA:5,1
DA:12,8
DA:13,4
DA:16,8
DA:17,3
DA:18,5
DA:19,5
DA:20,5
DA:21,5
DA:22,5
DA:28,12
DA:32,1
LF:12
LH:12
BRDA:12,0,0,4
BRDA:12,0,1,4
BRDA:16,1,0,3
BRDA:16,1,1,5
BRDA:18,2,0,5
BRDA:18,2,1,0
BRDA:18,3,0,5
BRDA:18,3,1,5
BRDA:20,4,0,5
BRDA:20,4,1,0
BRDA:20,5,0,5
BRDA:20,5,1,5
BRDA:22,6,0,1
BRDA:22,6,1,4
BRF:14
BRH:12
end_of_record
TN:
SF:src/modules/ui.ts
FN:7,constructor
FN:11,hide
FN:17,show
FN:24,isVisible
FNF:4
FNH:4
FNDA:1,constructor
FNDA:2,hide
FNDA:5,show
FNDA:3,isVisible
DA:5,1
DA:8,1
DA:12,2
DA:13,2
DA:18,5
DA:19,5
DA:20,5
DA:25,3
DA:29,1
LF:9
LH:9
BRDA:12,0,0,2
BRDA:12,0,1,0
BRDA:18,1,0,5
BRDA:18,1,1,0
BRDA:25,2,0,3
BRDA:25,2,1,2
BRF:6
BRH:4
end_of_record
TN:
SF:src/types/index.ts
FNF:0
FNH:0
LF:0
LH:0
BRF:0
BRH:0
end_of_record
TN:
SF:src/utils/pubsub.ts
FN:7,subscribe
FN:14,publish
FN:23,unsubscribe
FN:27,clear
FNF:4
FNH:3
FNDA:7,subscribe
FNDA:6,publish
FNDA:3,unsubscribe
FNDA:0,clear
DA:5,1
DA:8,7
DA:9,5
DA:11,7
DA:15,6
DA:16,6
DA:17,4
DA:18,4
DA:24,3
DA:28,0
DA:32,1
LF:11
LH:10
BRDA:8,0,0,5
BRDA:8,0,1,2
BRDA:16,1,0,4
BRDA:16,1,1,2
BRF:4
BRH:4
end_of_record
TN:
SF:src/utils/storage.ts
FN:6,get
FN:15,set
FN:23,remove
FN:27,clear
FNF:4
FNH:4
FNDA:12,get
FNDA:23,set
FNDA:1,remove
FNDA:1,clear
DA:3,2
DA:5,2
DA:7,12
DA:8,12
DA:9,12
DA:11,1
DA:16,23
DA:17,23
DA:19,0
DA:24,1
DA:28,1
LF:11
LH:10
BRDA:9,0,0,5
BRDA:9,0,1,7
BRF:2
BRH:2
end_of_record
TN:
SF:src/utils/template.ts
FN:4,escapeHtml
FN:10,template
FN:25,prerender
FN:35,(anonymous_3)
FNF:4
FNH:4
FNDA:121,escapeHtml
FNDA:7,template
FNDA:4,prerender
FNDA:5,(anonymous_3)
DA:5,121
DA:6,121
DA:7,121
DA:11,7
DA:12,7
DA:13,8
DA:14,8
DA:15,1
DA:17,7
DA:18,7
DA:19,7
DA:22,7
DA:26,4
DA:33,4
DA:35,5
DA:42,4
LF:16
LH:16
BRDA:10,0,0,7
BRDA:14,1,0,1
BRDA:14,1,1,7
BRDA:14,2,0,8
BRDA:14,2,1,1
BRDA:18,3,0,7
BRDA:18,3,1,0
BRF:7
BRH:6
end_of_record
TN:
SF:src/utils/time.ts
FN:3,timeAgo
FNF:1
FNH:1
FNDA:13,timeAgo
DA:4,13
DA:6,13
DA:7,1
DA:10,12
DA:11,12
DA:12,12
DA:13,12
DA:14,12
DA:16,12
DA:17,5
DA:18,7
DA:19,3
DA:20,3
DA:21,4
DA:22,3
DA:23,3
DA:25,1
LF:17
LH:17
BRDA:4,0,0,13
BRDA:4,0,1,0
BRDA:6,1,0,1
BRDA:6,1,1,12
BRDA:6,2,0,13
BRDA:6,2,1,12
BRDA:16,3,0,5
BRDA:16,3,1,7
BRDA:18,4,0,3
BRDA:18,4,1,4
BRDA:20,5,0,2
BRDA:20,5,1,1
BRDA:21,6,0,3
BRDA:21,6,1,1
BRDA:23,7,0,2
BRDA:23,7,1,1
BRF:16
BRH:15
end_of_record
